#
# A fatal error has been detected by the Java Runtime Environment:
#
#  EXCEPTION_ACCESS_VIOLATION (0xc0000005) at pc=0x00007ffc7cb5da11, pid=10192, tid=9700
#
# JRE version: OpenJDK Runtime Environment (16.0.1+9) (build 16.0.1+9)
# Java VM: OpenJDK 64-Bit Server VM (16.0.1+9, mixed mode, sharing, tiered, compressed oops, compressed class ptrs, g1 gc, windows-amd64)
# Problematic frame:
# V  [jvm.dll+0x1da11]
#
# No core dump will be written. Minidumps are not enabled by default on client versions of Windows
#
# If you would like to submit a bug report, please visit:
#   https://bell-sw.com/support
#

---------------  S U M M A R Y ------------

Command Line: -javaagent:E:\IntelliJ IDEA Community Edition 2021.1.2\lib\idea_rt.jar=63026:E:\IntelliJ IDEA Community Edition 2021.1.2\bin -Dfile.encoding=UTF-8 app.Main

Host: Intel(R) Core(TM) i7-3720QM CPU @ 2.60GHz, 8 cores, 31G,  Windows 10 , 64 bit Build 19041 (10.0.19041.1023)
Time: Fri Jul  9 11:17:56 2021 Mitteleuropäische Sommerzeit elapsed time: 5.430316 seconds (0d 0h 0m 5s)

---------------  T H R E A D  ---------------

Current thread (0x00000256b2bee090):  ConcurrentGCThread "G1 Conc#0" [stack: 0x00000063d8400000,0x00000063d8500000] [id=9700]

Stack: [0x00000063d8400000,0x00000063d8500000],  sp=0x00000063d84ff9e8,  free space=1022k
Native frames: (J=compiled Java code, j=interpreted, Vv=VM code, C=native code)
V  [jvm.dll+0x1da11]


siginfo: EXCEPTION_ACCESS_VIOLATION (0xc0000005), reading address 0x00000000000000f0


Register to memory mapping:

RIP=0x00007ffc7cb5da11 jvm.dll
RAX=0x0 is NULL
RBX=0x00000256b4e70d01 points into unknown readable memory: 00 00 00 00 00 00 00
RCX=0x000000080014f128 is pointing into metadata
RDX=
[error occurred during error reporting (printing register info), id 0xc0000005, EXCEPTION_ACCESS_VIOLATION (0xc0000005) at pc=0x00007ffc7ce032c1]

Registers:
RAX=0x0000000000000000, RBX=0x00000256b4e70d01, RCX=0x000000080014f128, RDX=0x00000006010d4860
RSP=0x00000063d84ff9e8, RBP=0x0000000000000000, RSI=0x00000256b4e70d40, RDI=0x00000006010d4860
R8 =0x0000000000000001, R9 =0x000000080014f128, R10=0x0000000000000000, R11=0x0000000000000004
R12=0x0000000000000000, R13=0xaaaaaaaaaaaaaaab, R14=0x0000000000000001, R15=0x00000063d84ffb70
RIP=0x00007ffc7cb5da11, EFLAGS=0x0000000000010202

Top of Stack: (sp=0x00000063d84ff9e8)
0x00000063d84ff9e8:   00007ffc7ce06718 0000c7f4990bcb0a
0x00000063d84ff9f8:   0000000000000000 00000006010d4790
0x00000063d84ffa08:   00007ffc7ce0639f 00000006010d4860
0x00000063d84ffa18:   00007ffc7ce0639f 00000256b2beed70
0x00000063d84ffa28:   00000063d84ffbb0 00000006010d4820
0x00000063d84ffa38:   00007ffc7ce0460d 00000063d84ffbb0
0x00000063d84ffa48:   00007ffc7ce04c0d 00000006010d47f4
0x00000063d84ffa58:   00000008000642e8 00000063d84ffb70
0x00000063d84ffa68:   0000000000000001 000000080014fe28
0x00000063d84ffa78:   00007ffc7ce04271 000000000000000a
0x00000063d84ffa88:   00000006010d47d0 00000063d84ffbb0
0x00000063d84ffa98:   0000000000000000 00000256b2beed70
0x00000063d84ffaa8:   00007ffc7ce1abae 00000006010d47d0
0x00000063d84ffab8:   00000256b4e70d90 00000063d84ffb70
0x00000063d84ffac8:   00007ffc7d18116c 0000000000080000
0x00000063d84ffad8:   00007ffc7ce16c01 000000000001a8fa 

Instructions: (pc=0x00007ffc7cb5da11)
0x00007ffc7cb5d911:   41 f6 c2 01 75 53 41 c1 fa 03 41 8b c2 c3 79 49
0x00007ffc7cb5d921:   84 c0 b9 10 00 00 00 8b 05 96 91 aa 00 41 b8 0c
0x00007ffc7cb5d931:   00 00 00 41 0f 45 c8 ff c8 4c 63 c8 48 63 14 11
0x00007ffc7cb5d941:   41 8b ca 83 e1 3f 48 d3 e2 41 8b ca 48 c1 f9 10
0x00007ffc7cb5d951:   0f b6 c1 49 8d 0c 11 49 f7 d1 48 03 c1 49 c1 e9
0x00007ffc7cb5d961:   03 48 c1 e8 03 41 23 c1 c3 49 8b 00 49 8b c8 48
0x00007ffc7cb5d971:   ff a0 f0 00 00 00 cc cc cc cc cc cc cc cc cc 8b
0x00007ffc7cb5d981:   44 24 30 45 03 c9 44 2b 4c 24 28 83 c0 0b 44 03
0x00007ffc7cb5d991:   ca 45 03 c8 41 03 c1 c3 cc cc cc cc cc cc cc 4c
0x00007ffc7cb5d9a1:   8b ca 48 8b d1 45 8b 41 08 45 85 c0 7e 0e 41 f6
0x00007ffc7cb5d9b1:   c0 01 75 56 41 c1 f8 03 41 8b c0 c3 79 4c 80 3d
0x00007ffc7cb5d9c1:   9b 33 b1 00 00 b8 0c 00 00 00 b9 10 00 00 00 0f
0x00007ffc7cb5d9d1:   45 c8 8b 05 eb 90 aa 00 ff c8 4c 63 c8 48 63 14
0x00007ffc7cb5d9e1:   11 41 8b c8 83 e1 3f 48 d3 e2 41 8b c8 48 c1 f9
0x00007ffc7cb5d9f1:   10 0f b6 c1 49 8d 0c 11 49 f7 d1 48 03 c1 49 c1
0x00007ffc7cb5da01:   e9 03 48 c1 e8 03 41 23 c1 c3 49 8b 01 49 8b c9
0x00007ffc7cb5da11:   48 ff a0 f0 00 00 00 cc cc cc cc cc cc cc cc 48
0x00007ffc7cb5da21:   8b 41 08 0f b7 48 32 0f b7 40 30 83 c0 48 03 c1
0x00007ffc7cb5da31:   c3 cc cc cc cc cc cc cc cc cc cc cc cc cc cc 48
0x00007ffc7cb5da41:   89 5c 24 08 57 48 83 ec 20 48 85 15 ff fb b4 00
0x00007ffc7cb5da51:   48 8b fa 48 8b d9 75 25 48 8b 05 00 fc b4 00 33
0x00007ffc7cb5da61:   c9 48 23 c2 48 0b 05 d4 fb b4 00 48 85 d2 48 0f
0x00007ffc7cb5da71:   44 c1 48 8b 5c 24 30 48 83 c4 20 5f c3 48 8b cf
0x00007ffc7cb5da81:   e8 ca 51 80 00 4c 8b c0 48 85 db 74 38 48 85 c0
0x00007ffc7cb5da91:   74 33 48 8b 15 c6 fb b4 00 48 23 d0 48 0b 15 f4
0x00007ffc7cb5daa1:   fb b4 00 74 20 48 8b c7 f0 48 0f b1 13 74 16 48
0x00007ffc7cb5dab1:   85 05 99 fb b4 00 74 0d 48 8b c8 f0 48 0f b1 13
0x00007ffc7cb5dac1:   48 3b c1 75 ea 48 8b 5c 24 30 49 8b c0 48 83 c4
0x00007ffc7cb5dad1:   20 5f c3 cc cc cc cc cc cc cc cc cc cc cc cc 48
0x00007ffc7cb5dae1:   89 5c 24 10 48 89 6c 24 18 57 41 56 41 57 48 83
0x00007ffc7cb5daf1:   ec 20 48 8b 1d c6 11 b0 00 33 ff 4d 8b f8 48 8b
0x00007ffc7cb5db01:   ea 4c 8b f1 48 85 db 74 3d 48 89 74 24 40 90 48 


Stack slot to memory mapping:
stack at sp + 0 slots: 0x00007ffc7ce06718 jvm.dll
stack at sp + 1 slots: 0x0000c7f4990bcb0a is an unknown value
stack at sp + 2 slots: 0x0 is NULL
stack at sp + 3 slots: 0x00000006010d4790 is an oop: java.util.HashMap 
{0x00000006010d4790} - klass: 'java/util/HashMap'
stack at sp + 4 slots: 0x00007ffc7ce0639f jvm.dll
stack at sp + 5 slots: 
[error occurred during error reporting (inspecting top of stack), id 0xc0000005, EXCEPTION_ACCESS_VIOLATION (0xc0000005) at pc=0x00007ffc7ce032c1]


---------------  P R O C E S S  ---------------

Threads class SMR info:
_java_thread_list=0x00000256eddd5e50, length=21, elements={
0x00000256b4dfa860, 0x00000256e38670e0, 0x00000256e386a750, 0x00000256e387ab80,
0x00000256e387b780, 0x00000256e387e290, 0x00000256e387ec90, 0x00000256e387f9c0,
0x00000256e38854e0, 0x00000256e3885f20, 0x00000256e38483f0, 0x00000256e4644a40,
0x00000256e4644f60, 0x00000256e4791f40, 0x00000256e4602270, 0x00000256e4604020,
0x00000256e4d2c670, 0x00000256e4d2cb90, 0x00000256e4d6bf30, 0x00000256e4d6a4a0,
0x00000256edda7480
}

Java Threads: ( => current thread )
  0x00000256b4dfa860 JavaThread "main" [_thread_blocked, id=9924, stack(0x00000063d8100000,0x00000063d8200000)]
  0x00000256e38670e0 JavaThread "Reference Handler" daemon [_thread_blocked, id=8380, stack(0x00000063d8800000,0x00000063d8900000)]
  0x00000256e386a750 JavaThread "Finalizer" daemon [_thread_blocked, id=4840, stack(0x00000063d8900000,0x00000063d8a00000)]
  0x00000256e387ab80 JavaThread "Signal Dispatcher" daemon [_thread_blocked, id=6576, stack(0x00000063d8a00000,0x00000063d8b00000)]
  0x00000256e387b780 JavaThread "Attach Listener" daemon [_thread_blocked, id=2544, stack(0x00000063d8b00000,0x00000063d8c00000)]
  0x00000256e387e290 JavaThread "Service Thread" daemon [_thread_blocked, id=7172, stack(0x00000063d8c00000,0x00000063d8d00000)]
  0x00000256e387ec90 JavaThread "Monitor Deflation Thread" daemon [_thread_blocked, id=3392, stack(0x00000063d8d00000,0x00000063d8e00000)]
  0x00000256e387f9c0 JavaThread "C2 CompilerThread0" daemon [_thread_in_native, id=4564, stack(0x00000063d8e00000,0x00000063d8f00000)]
  0x00000256e38854e0 JavaThread "C1 CompilerThread0" daemon [_thread_in_vm, id=10120, stack(0x00000063d8f00000,0x00000063d9000000)]
  0x00000256e3885f20 JavaThread "Sweeper thread" daemon [_thread_blocked, id=3416, stack(0x00000063d9000000,0x00000063d9100000)]
  0x00000256e38483f0 JavaThread "Common-Cleaner" daemon [_thread_blocked, id=6404, stack(0x00000063d9100000,0x00000063d9200000)]
  0x00000256e4644a40 JavaThread "Monitor Ctrl-Break" daemon [_thread_in_native, id=836, stack(0x00000063d9200000,0x00000063d9300000)]
  0x00000256e4644f60 JavaThread "Notification Thread" daemon [_thread_blocked, id=1336, stack(0x00000063d9300000,0x00000063d9400000)]
  0x00000256e4791f40 JavaThread "QuantumRenderer-0" daemon [_thread_blocked, id=6004, stack(0x00000063d9500000,0x00000063d9600000)]
  0x00000256e4602270 JavaThread "InvokeLaterDispatcher" daemon [_thread_blocked, id=2384, stack(0x00000063d9700000,0x00000063d9800000)]
  0x00000256e4604020 JavaThread "JavaFX Application Thread" [_thread_in_vm, id=5652, stack(0x00000063d9800000,0x00000063d9900000)]
  0x00000256e4d2c670 JavaThread "Thread-1" daemon [_thread_in_native, id=7764, stack(0x00000063d9a00000,0x00000063d9b00000)]
  0x00000256e4d2cb90 JavaThread "JavaFX-Launcher" [_thread_blocked, id=9516, stack(0x00000063d9b00000,0x00000063d9c00000)]
  0x00000256e4d6bf30 JavaThread "JFXMedia Player EventQueueThread" daemon [_thread_blocked, id=708, stack(0x00000063da800000,0x00000063da900000)]
  0x00000256e4d6a4a0 JavaThread "Prism Font Disposer" daemon [_thread_blocked, id=7796, stack(0x00000063db300000,0x00000063db400000)]
  0x00000256edda7480 JavaThread "C2 CompilerThread1" daemon [_thread_new, id=8652, stack(0x0000000000000000,0x0000000000000000)]

Other Threads:
  0x00000256e3866070 VMThread "VM Thread" [stack: 0x00000063d8700000,0x00000063d8800000] [id=144]
  0x00000256e453a960 WatcherThread [stack: 0x00000063d9400000,0x00000063d9500000] [id=4496]
  0x00000256b4e706e0 GCTaskThread "GC Thread#0" [stack: 0x00000063d8200000,0x00000063d8300000] [id=5492]
  0x00000256e4dce4a0 GCTaskThread "GC Thread#1" [stack: 0x00000063d9c00000,0x00000063d9d00000] [id=8780]
  0x00000256e4dce7b0 GCTaskThread "GC Thread#2" [stack: 0x00000063d9d00000,0x00000063d9e00000] [id=3880]
  0x00000256e4dceac0 GCTaskThread "GC Thread#3" [stack: 0x00000063d9e00000,0x00000063d9f00000] [id=7348]
  0x00000256e4dcedd0 GCTaskThread "GC Thread#4" [stack: 0x00000063d9f00000,0x00000063da000000] [id=8740]
  0x00000256e4dcf0e0 GCTaskThread "GC Thread#5" [stack: 0x00000063da000000,0x00000063da100000] [id=7044]
  0x00000256e4e18050 GCTaskThread "GC Thread#6" [stack: 0x00000063da100000,0x00000063da200000] [id=4844]
  0x00000256e4e18360 GCTaskThread "GC Thread#7" [stack: 0x00000063da200000,0x00000063da300000] [id=7840]
  0x00000256b4e7d6b0 ConcurrentGCThread "G1 Main Marker" [stack: 0x00000063d8300000,0x00000063d8400000] [id=8260]
=>0x00000256b2bee090 ConcurrentGCThread "G1 Conc#0" [stack: 0x00000063d8400000,0x00000063d8500000] [id=9700]
  0x00000256eb8d5230 ConcurrentGCThread "G1 Conc#1" [stack: 0x00000063db400000,0x00000063db500000] [id=8440]
  0x00000256b4ed3570 ConcurrentGCThread "G1 Refine#0" [stack: 0x00000063d8500000,0x00000063d8600000] [id=8812]
  0x00000256e3722230 ConcurrentGCThread "G1 Service" [stack: 0x00000063d8600000,0x00000063d8700000] [id=1920]

Threads with active compile tasks:
C1 CompilerThread0     5485 2292       3       javafx.scene.paint.Color::getRed (6 bytes)

VM state: not at safepoint (normal execution)

VM Mutex/Monitor currently owned by a thread: None

Heap address: 0x0000000601000000, size: 8176 MB, Compressed Oops mode: Zero based, Oop shift amount: 3

CDS archive(s) mapped at: [0x0000000800000000-0x0000000800bf0000-0x0000000800bf0000), size 12517376, SharedBaseAddress: 0x0000000800000000, ArchiveRelocationMode: 0.
Compressed class space mapped at: 0x0000000800c00000-0x0000000840c00000, reserved size: 1073741824
Narrow klass base: 0x0000000800000000, Narrow klass shift: 3, Narrow klass range: 0x100000000

GC Precious Log:
 CPUs: 8 total, 8 available
 Memory: 32699M
 Large Page Support: Disabled
 NUMA Support: Disabled
 Compressed Oops: Enabled (Zero based)
 Heap Region Size: 4M
 Heap Min Capacity: 8M
 Heap Initial Capacity: 512M
 Heap Max Capacity: 8176M
 Pre-touch: Disabled
 Parallel Workers: 8
 Concurrent Workers: 2
 Concurrent Refinement Workers: 8
 Periodic GC: Disabled

Heap:
 garbage-first heap   total 524288K, used 33474K [0x0000000601000000, 0x0000000800000000)
  region size 4096K, 9 young (36864K), 2 survivors (8192K)
 Metaspace       used 21265K, committed 21504K, reserved 1073152K
  class space    used 2766K, committed 2880K, reserved 1048576K

Heap Regions: E=young(eden), S=young(survivor), O=old, HS=humongous(starts), HC=humongous(continues), CS=collection set, F=free, OA=open archive, CA=closed archive, TAMS=top-at-mark-start (previous, next)
|   0|0x0000000601000000, 0x0000000601400000, 0x0000000601400000|100%| O|  |TAMS 0x0000000601000000, 0x0000000601400000| Untracked 
|   1|0x0000000601400000, 0x000000060142a400, 0x0000000601800000|  4%| O|  |TAMS 0x0000000601400000, 0x000000060142a400| Untracked 
|   2|0x0000000601800000, 0x0000000601800000, 0x0000000601c00000|  0%| F|  |TAMS 0x0000000601800000, 0x0000000601800000| Untracked 
|   3|0x0000000601c00000, 0x0000000601c00000, 0x0000000602000000|  0%| F|  |TAMS 0x0000000601c00000, 0x0000000601c00000| Untracked 
|   4|0x0000000602000000, 0x0000000602000000, 0x0000000602400000|  0%| F|  |TAMS 0x0000000602000000, 0x0000000602000000| Untracked 
|   5|0x0000000602400000, 0x0000000602400000, 0x0000000602800000|  0%| F|  |TAMS 0x0000000602400000, 0x0000000602400000| Untracked 
|   6|0x0000000602800000, 0x0000000602800000, 0x0000000602c00000|  0%| F|  |TAMS 0x0000000602800000, 0x0000000602800000| Untracked 
|   7|0x0000000602c00000, 0x0000000602c00000, 0x0000000603000000|  0%| F|  |TAMS 0x0000000602c00000, 0x0000000602c00000| Untracked 
|   8|0x0000000603000000, 0x0000000603000000, 0x0000000603400000|  0%| F|  |TAMS 0x0000000603000000, 0x0000000603000000| Untracked 
|   9|0x0000000603400000, 0x0000000603400000, 0x0000000603800000|  0%| F|  |TAMS 0x0000000603400000, 0x0000000603400000| Untracked 
|  10|0x0000000603800000, 0x0000000603800000, 0x0000000603c00000|  0%| F|  |TAMS 0x0000000603800000, 0x0000000603800000| Untracked 
|  11|0x0000000603c00000, 0x0000000603c00000, 0x0000000604000000|  0%| F|  |TAMS 0x0000000603c00000, 0x0000000603c00000| Untracked 
|  12|0x0000000604000000, 0x0000000604000000, 0x0000000604400000|  0%| F|  |TAMS 0x0000000604000000, 0x0000000604000000| Untracked 
|  13|0x0000000604400000, 0x0000000604400000, 0x0000000604800000|  0%| F|  |TAMS 0x0000000604400000, 0x0000000604400000| Untracked 
|  14|0x0000000604800000, 0x0000000604800000, 0x0000000604c00000|  0%| F|  |TAMS 0x0000000604800000, 0x0000000604800000| Untracked 
|  15|0x0000000604c00000, 0x0000000604c00000, 0x0000000605000000|  0%| F|  |TAMS 0x0000000604c00000, 0x0000000604c00000| Untracked 
|  16|0x0000000605000000, 0x0000000605000000, 0x0000000605400000|  0%| F|  |TAMS 0x0000000605000000, 0x0000000605000000| Untracked 
|  17|0x0000000605400000, 0x0000000605400000, 0x0000000605800000|  0%| F|  |TAMS 0x0000000605400000, 0x0000000605400000| Untracked 
|  18|0x0000000605800000, 0x0000000605800000, 0x0000000605c00000|  0%| F|  |TAMS 0x0000000605800000, 0x0000000605800000| Untracked 
|  19|0x0000000605c00000, 0x0000000605c00000, 0x0000000606000000|  0%| F|  |TAMS 0x0000000605c00000, 0x0000000605c00000| Untracked 
|  20|0x0000000606000000, 0x0000000606000000, 0x0000000606400000|  0%| F|  |TAMS 0x0000000606000000, 0x0000000606000000| Untracked 
|  21|0x0000000606400000, 0x0000000606400000, 0x0000000606800000|  0%| F|  |TAMS 0x0000000606400000, 0x0000000606400000| Untracked 
|  22|0x0000000606800000, 0x0000000606800000, 0x0000000606c00000|  0%| F|  |TAMS 0x0000000606800000, 0x0000000606800000| Untracked 
|  23|0x0000000606c00000, 0x0000000606c00000, 0x0000000607000000|  0%| F|  |TAMS 0x0000000606c00000, 0x0000000606c00000| Untracked 
|  24|0x0000000607000000, 0x0000000607000000, 0x0000000607400000|  0%| F|  |TAMS 0x0000000607000000, 0x0000000607000000| Untracked 
|  25|0x0000000607400000, 0x0000000607400000, 0x0000000607800000|  0%| F|  |TAMS 0x0000000607400000, 0x0000000607400000| Untracked 
|  26|0x0000000607800000, 0x0000000607800000, 0x0000000607c00000|  0%| F|  |TAMS 0x0000000607800000, 0x0000000607800000| Untracked 
|  27|0x0000000607c00000, 0x0000000607c00000, 0x0000000608000000|  0%| F|  |TAMS 0x0000000607c00000, 0x0000000607c00000| Untracked 
|  28|0x0000000608000000, 0x0000000608000000, 0x0000000608400000|  0%| F|  |TAMS 0x0000000608000000, 0x0000000608000000| Untracked 
|  29|0x0000000608400000, 0x0000000608400000, 0x0000000608800000|  0%| F|  |TAMS 0x0000000608400000, 0x0000000608400000| Untracked 
|  30|0x0000000608800000, 0x0000000608800000, 0x0000000608c00000|  0%| F|  |TAMS 0x0000000608800000, 0x0000000608800000| Untracked 
|  31|0x0000000608c00000, 0x0000000608c00000, 0x0000000609000000|  0%| F|  |TAMS 0x0000000608c00000, 0x0000000608c00000| Untracked 
|  32|0x0000000609000000, 0x0000000609000000, 0x0000000609400000|  0%| F|  |TAMS 0x0000000609000000, 0x0000000609000000| Untracked 
|  33|0x0000000609400000, 0x0000000609400000, 0x0000000609800000|  0%| F|  |TAMS 0x0000000609400000, 0x0000000609400000| Untracked 
|  34|0x0000000609800000, 0x0000000609800000, 0x0000000609c00000|  0%| F|  |TAMS 0x0000000609800000, 0x0000000609800000| Untracked 
|  35|0x0000000609c00000, 0x0000000609c00000, 0x000000060a000000|  0%| F|  |TAMS 0x0000000609c00000, 0x0000000609c00000| Untracked 
|  36|0x000000060a000000, 0x000000060a000000, 0x000000060a400000|  0%| F|  |TAMS 0x000000060a000000, 0x000000060a000000| Untracked 
|  37|0x000000060a400000, 0x000000060a400000, 0x000000060a800000|  0%| F|  |TAMS 0x000000060a400000, 0x000000060a400000| Untracked 
|  38|0x000000060a800000, 0x000000060a800000, 0x000000060ac00000|  0%| F|  |TAMS 0x000000060a800000, 0x000000060a800000| Untracked 
|  39|0x000000060ac00000, 0x000000060ac00000, 0x000000060b000000|  0%| F|  |TAMS 0x000000060ac00000, 0x000000060ac00000| Untracked 
|  40|0x000000060b000000, 0x000000060b000000, 0x000000060b400000|  0%| F|  |TAMS 0x000000060b000000, 0x000000060b000000| Untracked 
|  41|0x000000060b400000, 0x000000060b400000, 0x000000060b800000|  0%| F|  |TAMS 0x000000060b400000, 0x000000060b400000| Untracked 
|  42|0x000000060b800000, 0x000000060b800000, 0x000000060bc00000|  0%| F|  |TAMS 0x000000060b800000, 0x000000060b800000| Untracked 
|  43|0x000000060bc00000, 0x000000060bc00000, 0x000000060c000000|  0%| F|  |TAMS 0x000000060bc00000, 0x000000060bc00000| Untracked 
|  44|0x000000060c000000, 0x000000060c000000, 0x000000060c400000|  0%| F|  |TAMS 0x000000060c000000, 0x000000060c000000| Untracked 
|  45|0x000000060c400000, 0x000000060c400000, 0x000000060c800000|  0%| F|  |TAMS 0x000000060c400000, 0x000000060c400000| Untracked 
|  46|0x000000060c800000, 0x000000060c800000, 0x000000060cc00000|  0%| F|  |TAMS 0x000000060c800000, 0x000000060c800000| Untracked 
|  47|0x000000060cc00000, 0x000000060cc00000, 0x000000060d000000|  0%| F|  |TAMS 0x000000060cc00000, 0x000000060cc00000| Untracked 
|  48|0x000000060d000000, 0x000000060d000000, 0x000000060d400000|  0%| F|  |TAMS 0x000000060d000000, 0x000000060d000000| Untracked 
|  49|0x000000060d400000, 0x000000060d400000, 0x000000060d800000|  0%| F|  |TAMS 0x000000060d400000, 0x000000060d400000| Untracked 
|  50|0x000000060d800000, 0x000000060d800000, 0x000000060dc00000|  0%| F|  |TAMS 0x000000060d800000, 0x000000060d800000| Untracked 
|  51|0x000000060dc00000, 0x000000060dc00000, 0x000000060e000000|  0%| F|  |TAMS 0x000000060dc00000, 0x000000060dc00000| Untracked 
|  52|0x000000060e000000, 0x000000060e000000, 0x000000060e400000|  0%| F|  |TAMS 0x000000060e000000, 0x000000060e000000| Untracked 
|  53|0x000000060e400000, 0x000000060e400000, 0x000000060e800000|  0%| F|  |TAMS 0x000000060e400000, 0x000000060e400000| Untracked 
|  54|0x000000060e800000, 0x000000060e800000, 0x000000060ec00000|  0%| F|  |TAMS 0x000000060e800000, 0x000000060e800000| Untracked 
|  55|0x000000060ec00000, 0x000000060ec00000, 0x000000060f000000|  0%| F|  |TAMS 0x000000060ec00000, 0x000000060ec00000| Untracked 
|  56|0x000000060f000000, 0x000000060f000000, 0x000000060f400000|  0%| F|  |TAMS 0x000000060f000000, 0x000000060f000000| Untracked 
|  57|0x000000060f400000, 0x000000060f400000, 0x000000060f800000|  0%| F|  |TAMS 0x000000060f400000, 0x000000060f400000| Untracked 
|  58|0x000000060f800000, 0x000000060f800000, 0x000000060fc00000|  0%| F|  |TAMS 0x000000060f800000, 0x000000060f800000| Untracked 
|  59|0x000000060fc00000, 0x000000060fc00000, 0x0000000610000000|  0%| F|  |TAMS 0x000000060fc00000, 0x000000060fc00000| Untracked 
|  60|0x0000000610000000, 0x0000000610000000, 0x0000000610400000|  0%| F|  |TAMS 0x0000000610000000, 0x0000000610000000| Untracked 
|  61|0x0000000610400000, 0x0000000610400000, 0x0000000610800000|  0%| F|  |TAMS 0x0000000610400000, 0x0000000610400000| Untracked 
|  62|0x0000000610800000, 0x0000000610800000, 0x0000000610c00000|  0%| F|  |TAMS 0x0000000610800000, 0x0000000610800000| Untracked 
|  63|0x0000000610c00000, 0x0000000610c00000, 0x0000000611000000|  0%| F|  |TAMS 0x0000000610c00000, 0x0000000610c00000| Untracked 
|  64|0x0000000611000000, 0x0000000611000000, 0x0000000611400000|  0%| F|  |TAMS 0x0000000611000000, 0x0000000611000000| Untracked 
|  65|0x0000000611400000, 0x0000000611400000, 0x0000000611800000|  0%| F|  |TAMS 0x0000000611400000, 0x0000000611400000| Untracked 
|  66|0x0000000611800000, 0x0000000611800000, 0x0000000611c00000|  0%| F|  |TAMS 0x0000000611800000, 0x0000000611800000| Untracked 
|  67|0x0000000611c00000, 0x0000000611c00000, 0x0000000612000000|  0%| F|  |TAMS 0x0000000611c00000, 0x0000000611c00000| Untracked 
|  68|0x0000000612000000, 0x0000000612000000, 0x0000000612400000|  0%| F|  |TAMS 0x0000000612000000, 0x0000000612000000| Untracked 
|  69|0x0000000612400000, 0x0000000612400000, 0x0000000612800000|  0%| F|  |TAMS 0x0000000612400000, 0x0000000612400000| Untracked 
|  70|0x0000000612800000, 0x0000000612800000, 0x0000000612c00000|  0%| F|  |TAMS 0x0000000612800000, 0x0000000612800000| Untracked 
|  71|0x0000000612c00000, 0x0000000612c00000, 0x0000000613000000|  0%| F|  |TAMS 0x0000000612c00000, 0x0000000612c00000| Untracked 
|  72|0x0000000613000000, 0x0000000613000000, 0x0000000613400000|  0%| F|  |TAMS 0x0000000613000000, 0x0000000613000000| Untracked 
|  73|0x0000000613400000, 0x0000000613400000, 0x0000000613800000|  0%| F|  |TAMS 0x0000000613400000, 0x0000000613400000| Untracked 
|  74|0x0000000613800000, 0x0000000613800000, 0x0000000613c00000|  0%| F|  |TAMS 0x0000000613800000, 0x0000000613800000| Untracked 
|  75|0x0000000613c00000, 0x0000000613c00000, 0x0000000614000000|  0%| F|  |TAMS 0x0000000613c00000, 0x0000000613c00000| Untracked 
|  76|0x0000000614000000, 0x0000000614000000, 0x0000000614400000|  0%| F|  |TAMS 0x0000000614000000, 0x0000000614000000| Untracked 
|  77|0x0000000614400000, 0x0000000614400000, 0x0000000614800000|  0%| F|  |TAMS 0x0000000614400000, 0x0000000614400000| Untracked 
|  78|0x0000000614800000, 0x0000000614800000, 0x0000000614c00000|  0%| F|  |TAMS 0x0000000614800000, 0x0000000614800000| Untracked 
|  79|0x0000000614c00000, 0x0000000614c00000, 0x0000000615000000|  0%| F|  |TAMS 0x0000000614c00000, 0x0000000614c00000| Untracked 
|  80|0x0000000615000000, 0x0000000615000000, 0x0000000615400000|  0%| F|  |TAMS 0x0000000615000000, 0x0000000615000000| Untracked 
|  81|0x0000000615400000, 0x0000000615400000, 0x0000000615800000|  0%| F|  |TAMS 0x0000000615400000, 0x0000000615400000| Untracked 
|  82|0x0000000615800000, 0x0000000615800000, 0x0000000615c00000|  0%| F|  |TAMS 0x0000000615800000, 0x0000000615800000| Untracked 
|  83|0x0000000615c00000, 0x0000000615c00000, 0x0000000616000000|  0%| F|  |TAMS 0x0000000615c00000, 0x0000000615c00000| Untracked 
|  84|0x0000000616000000, 0x0000000616000000, 0x0000000616400000|  0%| F|  |TAMS 0x0000000616000000, 0x0000000616000000| Untracked 
|  85|0x0000000616400000, 0x0000000616400000, 0x0000000616800000|  0%| F|  |TAMS 0x0000000616400000, 0x0000000616400000| Untracked 
|  86|0x0000000616800000, 0x0000000616800000, 0x0000000616c00000|  0%| F|  |TAMS 0x0000000616800000, 0x0000000616800000| Untracked 
|  87|0x0000000616c00000, 0x0000000616c00000, 0x0000000617000000|  0%| F|  |TAMS 0x0000000616c00000, 0x0000000616c00000| Untracked 
|  88|0x0000000617000000, 0x0000000617000000, 0x0000000617400000|  0%| F|  |TAMS 0x0000000617000000, 0x0000000617000000| Untracked 
|  89|0x0000000617400000, 0x0000000617400000, 0x0000000617800000|  0%| F|  |TAMS 0x0000000617400000, 0x0000000617400000| Untracked 
|  90|0x0000000617800000, 0x0000000617800000, 0x0000000617c00000|  0%| F|  |TAMS 0x0000000617800000, 0x0000000617800000| Untracked 
|  91|0x0000000617c00000, 0x0000000617c00000, 0x0000000618000000|  0%| F|  |TAMS 0x0000000617c00000, 0x0000000617c00000| Untracked 
|  92|0x0000000618000000, 0x0000000618000000, 0x0000000618400000|  0%| F|  |TAMS 0x0000000618000000, 0x0000000618000000| Untracked 
|  93|0x0000000618400000, 0x0000000618400000, 0x0000000618800000|  0%| F|  |TAMS 0x0000000618400000, 0x0000000618400000| Untracked 
|  94|0x0000000618800000, 0x0000000618800000, 0x0000000618c00000|  0%| F|  |TAMS 0x0000000618800000, 0x0000000618800000| Untracked 
|  95|0x0000000618c00000, 0x0000000618c00000, 0x0000000619000000|  0%| F|  |TAMS 0x0000000618c00000, 0x0000000618c00000| Untracked 
|  96|0x0000000619000000, 0x0000000619000000, 0x0000000619400000|  0%| F|  |TAMS 0x0000000619000000, 0x0000000619000000| Untracked 
|  97|0x0000000619400000, 0x0000000619400000, 0x0000000619800000|  0%| F|  |TAMS 0x0000000619400000, 0x0000000619400000| Untracked 
|  98|0x0000000619800000, 0x0000000619800000, 0x0000000619c00000|  0%| F|  |TAMS 0x0000000619800000, 0x0000000619800000| Untracked 
|  99|0x0000000619c00000, 0x0000000619c00000, 0x000000061a000000|  0%| F|  |TAMS 0x0000000619c00000, 0x0000000619c00000| Untracked 
| 100|0x000000061a000000, 0x000000061a000000, 0x000000061a400000|  0%| F|  |TAMS 0x000000061a000000, 0x000000061a000000| Untracked 
| 101|0x000000061a400000, 0x000000061a400000, 0x000000061a800000|  0%| F|  |TAMS 0x000000061a400000, 0x000000061a400000| Untracked 
| 102|0x000000061a800000, 0x000000061a800000, 0x000000061ac00000|  0%| F|  |TAMS 0x000000061a800000, 0x000000061a800000| Untracked 
| 103|0x000000061ac00000, 0x000000061ac00000, 0x000000061b000000|  0%| F|  |TAMS 0x000000061ac00000, 0x000000061ac00000| Untracked 
| 104|0x000000061b000000, 0x000000061b000000, 0x000000061b400000|  0%| F|  |TAMS 0x000000061b000000, 0x000000061b000000| Untracked 
| 105|0x000000061b400000, 0x000000061b400000, 0x000000061b800000|  0%| F|  |TAMS 0x000000061b400000, 0x000000061b400000| Untracked 
| 106|0x000000061b800000, 0x000000061b800000, 0x000000061bc00000|  0%| F|  |TAMS 0x000000061b800000, 0x000000061b800000| Untracked 
| 107|0x000000061bc00000, 0x000000061bc00000, 0x000000061c000000|  0%| F|  |TAMS 0x000000061bc00000, 0x000000061bc00000| Untracked 
| 108|0x000000061c000000, 0x000000061c000000, 0x000000061c400000|  0%| F|  |TAMS 0x000000061c000000, 0x000000061c000000| Untracked 
| 109|0x000000061c400000, 0x000000061c400000, 0x000000061c800000|  0%| F|  |TAMS 0x000000061c400000, 0x000000061c400000| Untracked 
| 110|0x000000061c800000, 0x000000061c800000, 0x000000061cc00000|  0%| F|  |TAMS 0x000000061c800000, 0x000000061c800000| Untracked 
| 111|0x000000061cc00000, 0x000000061cc00000, 0x000000061d000000|  0%| F|  |TAMS 0x000000061cc00000, 0x000000061cc00000| Untracked 
| 112|0x000000061d000000, 0x000000061d000000, 0x000000061d400000|  0%| F|  |TAMS 0x000000061d000000, 0x000000061d000000| Untracked 
| 113|0x000000061d400000, 0x000000061d400000, 0x000000061d800000|  0%| F|  |TAMS 0x000000061d400000, 0x000000061d400000| Untracked 
| 114|0x000000061d800000, 0x000000061d800000, 0x000000061dc00000|  0%| F|  |TAMS 0x000000061d800000, 0x000000061d800000| Untracked 
| 115|0x000000061dc00000, 0x000000061dc00000, 0x000000061e000000|  0%| F|  |TAMS 0x000000061dc00000, 0x000000061dc00000| Untracked 
| 116|0x000000061e000000, 0x000000061e0865e0, 0x000000061e400000| 13%| S|CS|TAMS 0x000000061e000000, 0x000000061e000000| Complete 
| 117|0x000000061e400000, 0x000000061e800000, 0x000000061e800000|100%| S|CS|TAMS 0x000000061e400000, 0x000000061e400000| Complete 
| 118|0x000000061e800000, 0x000000061e800000, 0x000000061ec00000|  0%| F|  |TAMS 0x000000061e800000, 0x000000061e800000| Untracked 
| 119|0x000000061ec00000, 0x000000061ec00000, 0x000000061f000000|  0%| F|  |TAMS 0x000000061ec00000, 0x000000061ec00000| Untracked 
| 120|0x000000061f000000, 0x000000061f12fb18, 0x000000061f400000| 29%| E|  |TAMS 0x000000061f000000, 0x000000061f000000| Complete 
| 121|0x000000061f400000, 0x000000061f800000, 0x000000061f800000|100%| E|CS|TAMS 0x000000061f400000, 0x000000061f400000| Complete 
| 122|0x000000061f800000, 0x000000061fc00000, 0x000000061fc00000|100%| E|CS|TAMS 0x000000061f800000, 0x000000061f800000| Complete 
| 123|0x000000061fc00000, 0x0000000620000000, 0x0000000620000000|100%| E|CS|TAMS 0x000000061fc00000, 0x000000061fc00000| Complete 
| 124|0x0000000620000000, 0x0000000620400000, 0x0000000620400000|100%| E|CS|TAMS 0x0000000620000000, 0x0000000620000000| Complete 
| 125|0x0000000620400000, 0x0000000620800000, 0x0000000620800000|100%| E|CS|TAMS 0x0000000620400000, 0x0000000620400000| Complete 
| 126|0x0000000620800000, 0x0000000620c00000, 0x0000000620c00000|100%| E|CS|TAMS 0x0000000620800000, 0x0000000620800000| Complete 
| 127|0x0000000620c00000, 0x0000000621000000, 0x0000000621000000|100%| E|CS|TAMS 0x0000000620c00000, 0x0000000620c00000| Complete 

Card table byte_map: [0x00000256ceea0000,0x00000256cfea0000] _byte_map_base: 0x00000256cbe98000

Marking Bits (Prev, Next): (CMBitMap*) 0x00000256b4e70d50, (CMBitMap*) 0x00000256b4e70d90
 Prev Bits: [0x00000256d0ea0000, 0x00000256d8e60000)
 Next Bits: [0x00000256d8e60000, 0x00000256e0e20000)

Polling page: 0x00000256b2d40000

Metaspace:

Usage:
  Non-class:     18.07 MB used.
      Class:      2.70 MB used.
       Both:     20.78 MB used.

Virtual space:
  Non-class space:       24.00 MB reserved,      18.19 MB ( 76%) committed,  3 nodes.
      Class space:        1.00 GB reserved,       2.81 MB ( <1%) committed,  1 nodes.
              Both:        1.02 GB reserved,      21.00 MB (  2%) committed. 

Chunk freelists:
   Non-Class:  1.33 MB
       Class:  1.16 MB
        Both:  2.48 MB

MaxMetaspaceSize: 17179869184.00 GB
CompressedClassSpaceSize: 1.00 GB
 - commit_granule_bytes: 65536.
 - commit_granule_words: 8192.
 - virtual_space_node_default_size: 1048576.
 - enlarge_chunks_in_place: 1.
 - new_chunks_are_fully_committed: 0.
 - uncommit_free_chunks: 1.
 - use_allocation_guard: 0.
 - handle_deallocations: 1.


Internal statistics:

num_allocs_failed_limit: 3.
num_arena_births: 266.
num_arena_deaths: 0.
num_vsnodes_births: 4.
num_vsnodes_deaths: 0.
num_space_committed: 336.
num_space_uncommitted: 0.
num_chunks_returned_to_freelist: 3.
num_chunks_taken_from_freelist: 897.
num_chunk_merges: 3.
num_chunk_splits: 609.
num_chunks_enlarged: 456.
num_purges: 0.

CodeHeap 'non-profiled nmethods': size=120000Kb used=938Kb max_used=938Kb free=119061Kb
 bounds [0x00000256c6630000, 0x00000256c68a0000, 0x00000256cdb60000]
CodeHeap 'profiled nmethods': size=120000Kb used=4513Kb max_used=4513Kb free=115486Kb
 bounds [0x00000256bf100000, 0x00000256bf570000, 0x00000256c6630000]
CodeHeap 'non-nmethods': size=5760Kb used=1428Kb max_used=1445Kb free=4331Kb
 bounds [0x00000256beb60000, 0x00000256bedd0000, 0x00000256bf100000]
 total_blobs=3107 nmethods=2318 adapters=701
 compilation: enabled
              stopped_count=0, restarted_count=0
 full_count=0

Compilation events (20 events):
Event: 5.392 Thread 0x00000256e38854e0 nmethod 2184 0x00000256c6710590 code [0x00000256c6710720, 0x00000256c67107f8]
Event: 5.392 Thread 0x00000256e38854e0 2183       3       com.sun.javafx.css.StyleManager$CacheContainer::getStyleMapList (23 bytes)
Event: 5.392 Thread 0x00000256e387f9c0 nmethod 2185 0x00000256c6710890 code [0x00000256c6710a20, 0x00000256c6710bd8]
Event: 5.392 Thread 0x00000256e38854e0 nmethod 2183 0x00000256bf527a10 code [0x00000256bf527be0, 0x00000256bf527ff8]
Event: 5.406 Thread 0x00000256e38854e0 2186       3       com.sun.javafx.css.StyleCacheEntry::get (37 bytes)
Event: 5.406 Thread 0x00000256e38854e0 nmethod 2186 0x00000256bf528110 code [0x00000256bf5282e0, 0x00000256bf528738]
Event: 5.406 Thread 0x00000256e38854e0 2187       1       com.sun.javafx.css.ParsedValueImpl::isLookup (5 bytes)
Event: 5.406 Thread 0x00000256e38854e0 nmethod 2187 0x00000256c6710c90 code [0x00000256c6710e20, 0x00000256c6710ef8]
Event: 5.406 Thread 0x00000256e38854e0 2188       1       com.sun.javafx.css.ParsedValueImpl::isContainsLookups (5 bytes)
Event: 5.406 Thread 0x00000256e38854e0 nmethod 2188 0x00000256c6710f90 code [0x00000256c6711120, 0x00000256c67111f8]
Event: 5.407 Thread 0x00000256e38854e0 2189       3       java.util.ArrayList$SubList::checkForComodification (23 bytes)
Event: 5.407 Thread 0x00000256e387f9c0 2192       4       java.lang.StringLatin1::toLowerCase (186 bytes)
Event: 5.407 Thread 0x00000256e38854e0 nmethod 2189 0x00000256bf528890 code [0x00000256bf528a40, 0x00000256bf528c68]
Event: 5.407 Thread 0x00000256e38854e0 2191       3       com.sun.javafx.css.StyleManager::getInstance (4 bytes)
Event: 5.407 Thread 0x00000256e38854e0 nmethod 2191 0x00000256bf528d90 code [0x00000256bf528f20, 0x00000256bf529018]
Event: 5.407 Thread 0x00000256e38854e0 2190       1       javafx.css.Declaration::getParsedValue (5 bytes)
Event: 5.407 Thread 0x00000256e38854e0 nmethod 2190 0x00000256c6711290 code [0x00000256c6711420, 0x00000256c67114f8]
Event: 5.407 Thread 0x00000256e38854e0 2194       3       com.sun.javafx.css.ParsedValueImpl::containsFontRelativeSize (231 bytes)
Event: 5.408 Thread 0x00000256e38854e0 nmethod 2194 0x00000256bf529090 code [0x00000256bf529300, 0x00000256bf52a448]
Event: 5.409 Thread 0x00000256e38854e0 2198   !   3       javafx.scene.CssStyleHelper::lookup (512 bytes)

GC Heap History (6 events):
Event: 2.706 GC heap before
{Heap before GC invocations=0 (full 0):
 garbage-first heap   total 524288K, used 24576K [0x0000000601000000, 0x0000000800000000)
  region size 4096K, 6 young (24576K), 0 survivors (0K)
 Metaspace       used 8657K, committed 8832K, reserved 1064960K
  class space    used 972K, committed 1088K, reserved 1048576K
}
Event: 2.720 GC heap after
{Heap after GC invocations=1 (full 0):
 garbage-first heap   total 524288K, used 3959K [0x0000000601000000, 0x0000000800000000)
  region size 4096K, 1 young (4096K), 1 survivors (4096K)
 Metaspace       used 8657K, committed 8832K, reserved 1064960K
  class space    used 972K, committed 1088K, reserved 1048576K
}
Event: 5.240 GC heap before
{Heap before GC invocations=1 (full 0):
 garbage-first heap   total 524288K, used 28535K [0x0000000601000000, 0x0000000800000000)
  region size 4096K, 7 young (28672K), 1 survivors (4096K)
 Metaspace       used 20243K, committed 20416K, reserved 1073152K
  class space    used 2602K, committed 2688K, reserved 1048576K
}
Event: 5.249 GC heap after
{Heap after GC invocations=2 (full 0):
 garbage-first heap   total 524288K, used 8361K [0x0000000601000000, 0x0000000800000000)
  region size 4096K, 1 young (4096K), 1 survivors (4096K)
 Metaspace       used 20243K, committed 20416K, reserved 1073152K
  class space    used 2602K, committed 2688K, reserved 1048576K
}
Event: 5.394 GC heap before
{Heap before GC invocations=2 (full 0):
 garbage-first heap   total 524288K, used 41129K [0x0000000601000000, 0x0000000800000000)
  region size 4096K, 10 young (40960K), 1 survivors (4096K)
 Metaspace       used 21052K, committed 21248K, reserved 1073152K
  class space    used 2743K, committed 2816K, reserved 1048576K
}
Event: 5.399 GC heap after
{Heap after GC invocations=3 (full 0):
 garbage-first heap   total 524288K, used 8898K [0x0000000601000000, 0x0000000800000000)
  region size 4096K, 2 young (8192K), 2 survivors (8192K)
 Metaspace       used 21052K, committed 21248K, reserved 1073152K
  class space    used 2743K, committed 2816K, reserved 1048576K
}

Deoptimization events (20 events):
Event: 5.272 Thread 0x00000256e4604020 Uncommon trap: trap_request=0xffffffde fr.pc=0x00000256c663dc2c relative=0x000000000000018c
Event: 5.272 Thread 0x00000256e4604020 Uncommon trap: reason=class_check action=maybe_recompile pc=0x00000256c663dc2c method=java.lang.String.equals(Ljava/lang/Object;)Z @ 8 c2
Event: 5.272 Thread 0x00000256e4604020 DEOPT PACKING pc=0x00000256c663dc2c sp=0x00000063d98fd4a0
Event: 5.272 Thread 0x00000256e4604020 DEOPT UNPACKING pc=0x00000256bebad72e sp=0x00000063d98fd448 mode 2
Event: 5.272 Thread 0x00000256e4604020 Uncommon trap: trap_request=0xffffffde fr.pc=0x00000256c6703f48 relative=0x00000000000001a8
Event: 5.272 Thread 0x00000256e4604020 Uncommon trap: reason=class_check action=maybe_recompile pc=0x00000256c6703f48 method=com.sun.javafx.css.BitSet.containsAll(Ljava/util/Collection;)Z @ 18 c2
Event: 5.272 Thread 0x00000256e4604020 DEOPT PACKING pc=0x00000256c6703f48 sp=0x00000063d98fd0d0
Event: 5.272 Thread 0x00000256e4604020 DEOPT UNPACKING pc=0x00000256bebad72e sp=0x00000063d98fd068 mode 2
Event: 5.272 Thread 0x00000256e4604020 Uncommon trap: trap_request=0xffffffde fr.pc=0x00000256c6703f48 relative=0x00000000000001a8
Event: 5.272 Thread 0x00000256e4604020 Uncommon trap: reason=class_check action=maybe_recompile pc=0x00000256c6703f48 method=com.sun.javafx.css.BitSet.containsAll(Ljava/util/Collection;)Z @ 18 c2
Event: 5.272 Thread 0x00000256e4604020 DEOPT PACKING pc=0x00000256c6703f48 sp=0x00000063d98fcf40
Event: 5.272 Thread 0x00000256e4604020 DEOPT UNPACKING pc=0x00000256bebad72e sp=0x00000063d98fced8 mode 2
Event: 5.305 Thread 0x00000256e4604020 Uncommon trap: trap_request=0xffffff45 fr.pc=0x00000256c66ad114 relative=0x00000000000001f4
Event: 5.305 Thread 0x00000256e4604020 Uncommon trap: reason=unstable_if action=reinterpret pc=0x00000256c66ad114 method=java.lang.StringUTF16.compress([CII)[B @ 13 c2
Event: 5.305 Thread 0x00000256e4604020 DEOPT PACKING pc=0x00000256c66ad114 sp=0x00000063d98fc4c0
Event: 5.305 Thread 0x00000256e4604020 DEOPT UNPACKING pc=0x00000256bebad72e sp=0x00000063d98fc460 mode 2
Event: 5.386 Thread 0x00000256e4604020 Uncommon trap: trap_request=0xffffffde fr.pc=0x00000256c663dc2c relative=0x000000000000018c
Event: 5.386 Thread 0x00000256e4604020 Uncommon trap: reason=class_check action=maybe_recompile pc=0x00000256c663dc2c method=java.lang.String.equals(Ljava/lang/Object;)Z @ 8 c2
Event: 5.386 Thread 0x00000256e4604020 DEOPT PACKING pc=0x00000256c663dc2c sp=0x00000063d98fcbe0
Event: 5.386 Thread 0x00000256e4604020 DEOPT UNPACKING pc=0x00000256bebad72e sp=0x00000063d98fcb88 mode 2

Classes unloaded (0 events):
No events

Classes redefined (0 events):
No events

Internal exceptions (20 events):
Event: 1.855 Thread 0x00000256e4604020 Exception <a 'java/lang/NoSuchMethodError'{0x000000061fe15580}: 'java.lang.Object java.lang.invoke.DirectMethodHandle$Holder.invokeStaticInit(java.lang.Object, int, int, int, int)'> (0x000000061fe15580) 
thrown [c:\ws\workspace\jdk-16.0.1\label\windows-x86_64\type\b11\build\src\hotspot\share\interpreter\linkResolver.cpp, line 790]
Event: 2.434 Thread 0x00000256e4604020 Exception <a 'java/lang/NoSuchMethodError'{0x000000061fe463f8}: 'java.lang.Object java.lang.invoke.DirectMethodHandle$Holder.invokeStaticInit(java.lang.Object, java.lang.Object, int, int, int, int)'> (0x000000061fe463f8) 
thrown [c:\ws\workspace\jdk-16.0.1\label\windows-x86_64\type\b11\build\src\hotspot\share\interpreter\linkResolver.cpp, line 790]
Event: 3.033 Thread 0x00000256e4604020 Exception <a 'java/lang/NoSuchMethodError'{0x0000000620838730}: 'java.lang.Object java.lang.invoke.Invokers$Holder.invokeExact_MT(java.lang.Object, java.lang.Object, java.lang.Object, java.lang.Object, java.lang.Object, java.lang.Object)'> (0x0000000620838730) 
thrown [c:\ws\workspace\jdk-16.0.1\label\windows-x86_64\type\b11\build\src\hotspot\share\interpreter\linkResolver.cpp, line 790]
Event: 3.298 Thread 0x00000256e4604020 Exception <a 'java/lang/NoSuchMethodError'{0x0000000620b16be8}: 'int java.lang.invoke.DirectMethodHandle$Holder.invokeInterface(java.lang.Object, java.lang.Object)'> (0x0000000620b16be8) 
thrown [c:\ws\workspace\jdk-16.0.1\label\windows-x86_64\type\b11\build\src\hotspot\share\interpreter\linkResolver.cpp, line 790]
Event: 3.299 Thread 0x00000256e4604020 Exception <a 'java/lang/IncompatibleClassChangeError'{0x0000000620b1a570}: Found class java.lang.Object, but interface was expected> (0x0000000620b1a570) 
thrown [c:\ws\workspace\jdk-16.0.1\label\windows-x86_64\type\b11\build\src\hotspot\share\interpreter\linkResolver.cpp, line 857]
Event: 3.548 Thread 0x00000256e4604020 Exception <a 'java/lang/NoSuchMethodError'{0x00000006204fb8b0}: 'java.lang.Object java.lang.invoke.DirectMethodHandle$Holder.invokeStaticInit(java.lang.Object, java.lang.Object, java.lang.Object, java.lang.Object)'> (0x00000006204fb8b0) 
thrown [c:\ws\workspace\jdk-16.0.1\label\windows-x86_64\type\b11\build\src\hotspot\share\interpreter\linkResolver.cpp, line 790]
Event: 3.550 Thread 0x00000256e4604020 Exception <a 'java/lang/NullPointerException'{0x0000000620504b58}> (0x0000000620504b58) 
thrown [c:\ws\workspace\jdk-16.0.1\label\windows-x86_64\type\b11\build\src\hotspot\share\interpreter\linkResolver.cpp, line 1385]
Event: 3.564 Thread 0x00000256e4604020 Exception <a 'java/lang/NoSuchMethodError'{0x00000006205126c0}: 'void java.lang.invoke.DirectMethodHandle$Holder.invokeSpecial(java.lang.Object, java.lang.Object, java.lang.Object, java.lang.Object, java.lang.Object)'> (0x00000006205126c0) 
thrown [c:\ws\workspace\jdk-16.0.1\label\windows-x86_64\type\b11\build\src\hotspot\share\interpreter\linkResolver.cpp, line 790]
Event: 4.166 Thread 0x00000256e4604020 Exception <a 'java/lang/NoSuchMethodError'{0x00000006201326f0}: 'void java.lang.invoke.DirectMethodHandle$Holder.invokeStaticInit(java.lang.Object, java.lang.Object)'> (0x00000006201326f0) 
thrown [c:\ws\workspace\jdk-16.0.1\label\windows-x86_64\type\b11\build\src\hotspot\share\interpreter\linkResolver.cpp, line 790]
Event: 4.843 Thread 0x00000256e4604020 Implicit null exception at 0x00000256c66c5f8d to 0x00000256c66c62f8
Event: 4.920 Thread 0x00000256e4604020 Exception <a 'java/lang/NoSuchMethodError'{0x000000061fe368c0}: 'java.lang.Object java.lang.invoke.DelegatingMethodHandle$Holder.reinvoke_L(java.lang.Object, java.lang.Object, long, int, java.lang.Object, java.lang.Object)'> (0x000000061fe368c0) 
thrown [c:\ws\workspace\jdk-16.0.1\label\windows-x86_64\type\b11\build\src\hotspot\share\interpreter\linkResolver.cpp, line 790]
Event: 4.943 Thread 0x00000256e4604020 Exception <a 'java/lang/NullPointerException'{0x000000061fe7d7a0}> (0x000000061fe7d7a0) 
thrown [c:\ws\workspace\jdk-16.0.1\label\windows-x86_64\type\b11\build\src\hotspot\share\interpreter\linkResolver.cpp, line 1385]
Event: 4.944 Thread 0x00000256e4604020 Exception <a 'java/lang/NullPointerException'{0x000000061fe80bb8}> (0x000000061fe80bb8) 
thrown [c:\ws\workspace\jdk-16.0.1\label\windows-x86_64\type\b11\build\src\hotspot\share\interpreter\linkResolver.cpp, line 1385]
Event: 4.986 Thread 0x00000256e4604020 Implicit null exception at 0x00000256c666b7f2 to 0x00000256c666bd30
Event: 4.986 Thread 0x00000256e4604020 Implicit null exception at 0x00000256c6666772 to 0x00000256c6666cc0
Event: 5.004 Thread 0x00000256e4604020 Exception <a 'java/lang/NullPointerException'{0x000000061ff362e0}> (0x000000061ff362e0) 
thrown [c:\ws\workspace\jdk-16.0.1\label\windows-x86_64\type\b11\build\src\hotspot\share\interpreter\linkResolver.cpp, line 1468]
Event: 5.082 Thread 0x00000256e4604020 Implicit null exception at 0x00000256c66c570d to 0x00000256c66c5a60
Event: 5.087 Thread 0x00000256e4604020 Implicit null exception at 0x00000256c669fdaf to 0x00000256c669fe2d
Event: 5.331 Thread 0x00000256e4604020 Exception <a 'java/lang/NoSuchMethodError'{0x0000000620982258}: 'java.lang.Object java.lang.invoke.DirectMethodHandle$Holder.invokeInterface(java.lang.Object, java.lang.Object, java.lang.Object)'> (0x0000000620982258) 
thrown [c:\ws\workspace\jdk-16.0.1\label\windows-x86_64\type\b11\build\src\hotspot\share\interpreter\linkResolver.cpp, line 790]
Event: 5.332 Thread 0x00000256e4604020 Exception <a 'java/lang/IncompatibleClassChangeError'{0x0000000620985af0}: Found class java.lang.Object, but interface was expected> (0x0000000620985af0) 
thrown [c:\ws\workspace\jdk-16.0.1\label\windows-x86_64\type\b11\build\src\hotspot\share\interpreter\linkResolver.cpp, line 857]

Events (20 events):
Event: 5.314 Thread 0x00000256e4d6a4a0 Thread exited: 0x00000256e4d6a4a0
Event: 5.315 Thread 0x00000256e4d6af40 Thread added: 0x00000256e4d6af40
Event: 5.316 Thread 0x00000256e4d6af40 Thread exited: 0x00000256e4d6af40
Event: 5.316 Thread 0x00000256e4d6af40 Thread added: 0x00000256e4d6af40
Event: 5.316 Thread 0x00000256e4d6af40 Thread exited: 0x00000256e4d6af40
Event: 5.316 Thread 0x00000256e4d68f60 Thread added: 0x00000256e4d68f60
Event: 5.316 Thread 0x00000256e4d68f60 Thread exited: 0x00000256e4d68f60
Event: 5.316 Thread 0x00000256e4d68f60 Thread added: 0x00000256e4d68f60
Event: 5.316 Thread 0x00000256e4d68f60 Thread exited: 0x00000256e4d68f60
Event: 5.316 Thread 0x00000256e4d68f60 Thread added: 0x00000256e4d68f60
Event: 5.316 Thread 0x00000256e4d68f60 Thread exited: 0x00000256e4d68f60
Event: 5.317 Thread 0x00000256e4d68f60 Thread added: 0x00000256e4d68f60
Event: 5.317 Thread 0x00000256e4d68f60 Thread exited: 0x00000256e4d68f60
Event: 5.317 Thread 0x00000256e4d6c480 Thread added: 0x00000256e4d6c480
Event: 5.317 Thread 0x00000256e4d6c480 Thread exited: 0x00000256e4d6c480
Event: 5.318 Thread 0x00000256e4d694b0 Thread added: 0x00000256e4d694b0
Event: 5.318 Thread 0x00000256e4d694b0 Thread exited: 0x00000256e4d694b0
Event: 5.326 Thread 0x00000256e4d6a4a0 Thread added: 0x00000256e4d6a4a0
Event: 5.394 Executing  VM operation: CollectForMetadataAllocation
Event: 5.399 Executing  VM operation: CollectForMetadataAllocation done


Dynamic libraries:
0x00007ff729400000 - 0x00007ff72940d000 	C:\Users\vmarch\.jdks\liberica-16.0.1\bin\java.exe
0x00007ffcb5930000 - 0x00007ffcb5b25000 	C:\WINDOWS\SYSTEM32\ntdll.dll
0x00007ffcb5720000 - 0x00007ffcb57dd000 	C:\WINDOWS\System32\KERNEL32.DLL
0x00007ffcb3550000 - 0x00007ffcb3819000 	C:\WINDOWS\System32\KERNELBASE.dll
0x00007ffcb3850000 - 0x00007ffcb3950000 	C:\WINDOWS\System32\ucrtbase.dll
0x00007ffca9db0000 - 0x00007ffca9dc5000 	C:\Users\vmarch\.jdks\liberica-16.0.1\bin\VCRUNTIME140.dll
0x00007ffca9e80000 - 0x00007ffca9e98000 	C:\Users\vmarch\.jdks\liberica-16.0.1\bin\jli.dll
0x00007ffcb4d50000 - 0x00007ffcb4ef0000 	C:\WINDOWS\System32\USER32.dll
0x00007ffcb3220000 - 0x00007ffcb3242000 	C:\WINDOWS\System32\win32u.dll
0x00007ffcb58c0000 - 0x00007ffcb58ea000 	C:\WINDOWS\System32\GDI32.dll
0x00007ffcb3440000 - 0x00007ffcb354b000 	C:\WINDOWS\System32\gdi32full.dll
0x00007ffcb3070000 - 0x00007ffcb310d000 	C:\WINDOWS\System32\msvcp_win.dll
0x00007ffc999b0000 - 0x00007ffc99c4a000 	C:\WINDOWS\WinSxS\amd64_microsoft.windows.common-controls_6595b64144ccf1df_6.0.19041.1083_none_60bbe31371f34e71\COMCTL32.dll
0x00007ffcb4500000 - 0x00007ffcb459e000 	C:\WINDOWS\System32\msvcrt.dll
0x00007ffcb50a0000 - 0x00007ffcb50d0000 	C:\WINDOWS\System32\IMM32.DLL
0x00007ffca8870000 - 0x00007ffca890b000 	C:\Users\vmarch\.jdks\liberica-16.0.1\bin\msvcp140.dll
0x00007ffc7cb40000 - 0x00007ffc7d748000 	C:\Users\vmarch\.jdks\liberica-16.0.1\bin\server\jvm.dll
0x00007ffcb5670000 - 0x00007ffcb571c000 	C:\WINDOWS\System32\ADVAPI32.dll
0x00007ffcb3b80000 - 0x00007ffcb3c1b000 	C:\WINDOWS\System32\sechost.dll
0x00007ffcb5490000 - 0x00007ffcb55ba000 	C:\WINDOWS\System32\RPCRT4.dll
0x00007ffcb44f0000 - 0x00007ffcb44f8000 	C:\WINDOWS\System32\PSAPI.DLL
0x00007ffca7720000 - 0x00007ffca7747000 	C:\WINDOWS\SYSTEM32\WINMM.dll
0x00007ffcadba0000 - 0x00007ffcadbaa000 	C:\WINDOWS\SYSTEM32\VERSION.dll
0x00007ffcaef40000 - 0x00007ffcaef49000 	C:\WINDOWS\SYSTEM32\WSOCK32.dll
0x00007ffcb45a0000 - 0x00007ffcb460b000 	C:\WINDOWS\System32\WS2_32.dll
0x00007ffcb0ec0000 - 0x00007ffcb0ed2000 	C:\WINDOWS\SYSTEM32\kernel.appcore.dll
0x00007ffcaefa0000 - 0x00007ffcaefaa000 	C:\Users\vmarch\.jdks\liberica-16.0.1\bin\jimage.dll
0x00007ffca9fe0000 - 0x00007ffcaa1c4000 	C:\WINDOWS\SYSTEM32\DBGHELP.DLL
0x00007ffca9fb0000 - 0x00007ffca9fdc000 	C:\WINDOWS\SYSTEM32\dbgcore.DLL
0x00007ffcb3250000 - 0x00007ffcb32d3000 	C:\WINDOWS\System32\bcryptPrimitives.dll
0x00007ffca9090000 - 0x00007ffca909e000 	C:\Users\vmarch\.jdks\liberica-16.0.1\bin\instrument.dll
0x00007ffca92c0000 - 0x00007ffca92e5000 	C:\Users\vmarch\.jdks\liberica-16.0.1\bin\java.dll
0x00007ffcb4610000 - 0x00007ffcb4d4f000 	C:\WINDOWS\System32\SHELL32.dll
0x00007ffcb11a0000 - 0x00007ffcb1931000 	C:\WINDOWS\SYSTEM32\windows.storage.dll
0x00007ffcb5130000 - 0x00007ffcb5485000 	C:\WINDOWS\System32\combase.dll
0x00007ffcb2ae0000 - 0x00007ffcb2b0c000 	C:\WINDOWS\SYSTEM32\Wldp.dll
0x00007ffcb55c0000 - 0x00007ffcb566e000 	C:\WINDOWS\System32\SHCORE.dll
0x00007ffcb50d0000 - 0x00007ffcb5125000 	C:\WINDOWS\System32\shlwapi.dll
0x00007ffcb2fb0000 - 0x00007ffcb2fcf000 	C:\WINDOWS\SYSTEM32\profapi.dll
0x00007ffca8f70000 - 0x00007ffca8f88000 	C:\Users\vmarch\.jdks\liberica-16.0.1\bin\zip.dll
0x00007ffca9d90000 - 0x00007ffca9da9000 	C:\Users\vmarch\.jdks\liberica-16.0.1\bin\net.dll
0x00007ffcac2e0000 - 0x00007ffcac3ea000 	C:\WINDOWS\SYSTEM32\WINHTTP.dll
0x00007ffcb2840000 - 0x00007ffcb28aa000 	C:\WINDOWS\system32\mswsock.dll
0x00007ffca9cf0000 - 0x00007ffca9d03000 	C:\Users\vmarch\.jdks\liberica-16.0.1\bin\nio.dll
0x00007ffca1ed0000 - 0x00007ffca1eea000 	E:\IntelliJ IDEA Community Edition 2021.1.2\bin\breakgen64.dll
0x00000256b4d20000 - 0x00000256b4d23000 	C:\Users\vmarch\.jdks\liberica-16.0.1\bin\api-ms-win-core-console-l1-1-0.dll
0x00000256b4d30000 - 0x00000256b4d33000 	C:\Users\vmarch\.jdks\liberica-16.0.1\bin\api-ms-win-core-console-l1-2-0.dll
0x00000256b4d40000 - 0x00000256b4d43000 	C:\Users\vmarch\.jdks\liberica-16.0.1\bin\api-ms-win-core-datetime-l1-1-0.dll
0x00000256b4d50000 - 0x00000256b4d53000 	C:\Users\vmarch\.jdks\liberica-16.0.1\bin\api-ms-win-core-debug-l1-1-0.dll
0x00000256b4d60000 - 0x00000256b4d63000 	C:\Users\vmarch\.jdks\liberica-16.0.1\bin\api-ms-win-core-errorhandling-l1-1-0.dll
0x00000256b4d70000 - 0x00000256b4d74000 	C:\Users\vmarch\.jdks\liberica-16.0.1\bin\api-ms-win-core-file-l1-1-0.dll
0x00000256b4d80000 - 0x00000256b4d83000 	C:\Users\vmarch\.jdks\liberica-16.0.1\bin\api-ms-win-core-file-l1-2-0.dll
0x00000256b4d90000 - 0x00000256b4d93000 	C:\Users\vmarch\.jdks\liberica-16.0.1\bin\api-ms-win-core-file-l2-1-0.dll
0x00000256b4da0000 - 0x00000256b4da3000 	C:\Users\vmarch\.jdks\liberica-16.0.1\bin\api-ms-win-core-handle-l1-1-0.dll
0x00000256b4db0000 - 0x00000256b4db3000 	C:\Users\vmarch\.jdks\liberica-16.0.1\bin\api-ms-win-core-heap-l1-1-0.dll
0x00000256b4dc0000 - 0x00000256b4dc3000 	C:\Users\vmarch\.jdks\liberica-16.0.1\bin\api-ms-win-core-interlocked-l1-1-0.dll
0x00000256b4dd0000 - 0x00000256b4dd3000 	C:\Users\vmarch\.jdks\liberica-16.0.1\bin\api-ms-win-core-libraryloader-l1-1-0.dll
0x00000256e39d0000 - 0x00000256e39d3000 	C:\Users\vmarch\.jdks\liberica-16.0.1\bin\api-ms-win-core-localization-l1-2-0.dll
0x00000256e39e0000 - 0x00000256e39e3000 	C:\Users\vmarch\.jdks\liberica-16.0.1\bin\api-ms-win-core-memory-l1-1-0.dll
0x00000256e39f0000 - 0x00000256e39f3000 	C:\Users\vmarch\.jdks\liberica-16.0.1\bin\api-ms-win-core-namedpipe-l1-1-0.dll
0x00000256e3a00000 - 0x00000256e3a03000 	C:\Users\vmarch\.jdks\liberica-16.0.1\bin\api-ms-win-core-processenvironment-l1-1-0.dll
0x00000256e3a10000 - 0x00000256e3a13000 	C:\Users\vmarch\.jdks\liberica-16.0.1\bin\api-ms-win-core-processthreads-l1-1-0.dll
0x00000256e3a20000 - 0x00000256e3a23000 	C:\Users\vmarch\.jdks\liberica-16.0.1\bin\api-ms-win-core-processthreads-l1-1-1.dll
0x00000256e3a30000 - 0x00000256e3a33000 	C:\Users\vmarch\.jdks\liberica-16.0.1\bin\api-ms-win-core-profile-l1-1-0.dll
0x00000256e3a40000 - 0x00000256e3a43000 	C:\Users\vmarch\.jdks\liberica-16.0.1\bin\api-ms-win-core-rtlsupport-l1-1-0.dll
0x00000256e3a50000 - 0x00000256e3a53000 	C:\Users\vmarch\.jdks\liberica-16.0.1\bin\api-ms-win-core-string-l1-1-0.dll
0x00000256e3a60000 - 0x00000256e3a63000 	C:\Users\vmarch\.jdks\liberica-16.0.1\bin\api-ms-win-core-synch-l1-1-0.dll
0x00000256e3a70000 - 0x00000256e3a73000 	C:\Users\vmarch\.jdks\liberica-16.0.1\bin\api-ms-win-core-synch-l1-2-0.dll
0x00000256e3a80000 - 0x00000256e3a83000 	C:\Users\vmarch\.jdks\liberica-16.0.1\bin\api-ms-win-core-sysinfo-l1-1-0.dll
0x00000256e3a90000 - 0x00000256e3a93000 	C:\Users\vmarch\.jdks\liberica-16.0.1\bin\api-ms-win-core-timezone-l1-1-0.dll
0x00000256e3aa0000 - 0x00000256e3aa3000 	C:\Users\vmarch\.jdks\liberica-16.0.1\bin\api-ms-win-core-util-l1-1-0.dll
0x00000256e3ab0000 - 0x00000256e3ab3000 	C:\Users\vmarch\.jdks\liberica-16.0.1\bin\api-ms-win-crt-conio-l1-1-0.dll
0x00000256e3ac0000 - 0x00000256e3ac4000 	C:\Users\vmarch\.jdks\liberica-16.0.1\bin\api-ms-win-crt-convert-l1-1-0.dll
0x00000256e3ad0000 - 0x00000256e3ad3000 	C:\Users\vmarch\.jdks\liberica-16.0.1\bin\api-ms-win-crt-environment-l1-1-0.dll
0x00000256e3ae0000 - 0x00000256e3ae3000 	C:\Users\vmarch\.jdks\liberica-16.0.1\bin\api-ms-win-crt-filesystem-l1-1-0.dll
0x00000256e3af0000 - 0x00000256e3af3000 	C:\Users\vmarch\.jdks\liberica-16.0.1\bin\api-ms-win-crt-heap-l1-1-0.dll
0x00000256e3b00000 - 0x00000256e3b03000 	C:\Users\vmarch\.jdks\liberica-16.0.1\bin\api-ms-win-crt-locale-l1-1-0.dll
0x00000256e3b10000 - 0x00000256e3b15000 	C:\Users\vmarch\.jdks\liberica-16.0.1\bin\api-ms-win-crt-math-l1-1-0.dll
0x00000256e3b20000 - 0x00000256e3b25000 	C:\Users\vmarch\.jdks\liberica-16.0.1\bin\api-ms-win-crt-multibyte-l1-1-0.dll
0x00000256e3b30000 - 0x00000256e3b40000 	C:\Users\vmarch\.jdks\liberica-16.0.1\bin\api-ms-win-crt-private-l1-1-0.dll
0x00000256e3b40000 - 0x00000256e3b43000 	C:\Users\vmarch\.jdks\liberica-16.0.1\bin\api-ms-win-crt-process-l1-1-0.dll
0x00000256e3b50000 - 0x00000256e3b54000 	C:\Users\vmarch\.jdks\liberica-16.0.1\bin\api-ms-win-crt-runtime-l1-1-0.dll
0x00000256e3b60000 - 0x00000256e3b64000 	C:\Users\vmarch\.jdks\liberica-16.0.1\bin\api-ms-win-crt-stdio-l1-1-0.dll
0x00000256e3b70000 - 0x00000256e3b74000 	C:\Users\vmarch\.jdks\liberica-16.0.1\bin\api-ms-win-crt-string-l1-1-0.dll
0x00000256e3b80000 - 0x00000256e3b83000 	C:\Users\vmarch\.jdks\liberica-16.0.1\bin\api-ms-win-crt-time-l1-1-0.dll
0x00000256e3b90000 - 0x00000256e3b93000 	C:\Users\vmarch\.jdks\liberica-16.0.1\bin\api-ms-win-crt-utility-l1-1-0.dll
0x00007ffc8bef0000 - 0x00007ffc8bfec000 	C:\Users\vmarch\.jdks\liberica-16.0.1\bin\ucrtbase.dll
0x00007ffca8850000 - 0x00007ffca885c000 	C:\Windows\System32\vcruntime140_1.dll
0x00007ffca8820000 - 0x00007ffca8847000 	C:\Users\vmarch\.jdks\liberica-16.0.1\bin\prism_d3d.dll
0x00007ffca7dd0000 - 0x00007ffca7f9e000 	C:\WINDOWS\system32\d3d9.dll
0x00007ffcb0e90000 - 0x00007ffcb0ebf000 	C:\WINDOWS\SYSTEM32\dwmapi.dll
0x00007ffcb0ae0000 - 0x00007ffcb0b7e000 	C:\WINDOWS\system32\uxtheme.dll
0x00007ffca9be0000 - 0x00007ffca9cce000 	C:\WINDOWS\System32\DriverStore\FileRepository\nvblwi.inf_amd64_25ca1e5037bff3ef\nvldumdx.dll
0x00007ffcb32e0000 - 0x00007ffcb343f000 	C:\WINDOWS\System32\crypt32.dll
0x00007ffcace80000 - 0x00007ffcaceb1000 	C:\WINDOWS\system32\cryptnet.dll
0x00007ffcb2a20000 - 0x00007ffcb2a2c000 	C:\WINDOWS\system32\cryptbase.dll
0x00007ffcb3110000 - 0x00007ffcb3170000 	C:\WINDOWS\System32\WINTRUST.DLL
0x00007ffcb2c60000 - 0x00007ffcb2c72000 	C:\WINDOWS\SYSTEM32\MSASN1.dll
0x00007ffcb3c20000 - 0x00007ffcb3c3d000 	C:\WINDOWS\System32\imagehlp.dll
0x00007ffcb2a30000 - 0x00007ffcb2a48000 	C:\WINDOWS\SYSTEM32\CRYPTSP.dll
0x00007ffcb2170000 - 0x00007ffcb21a4000 	C:\WINDOWS\system32\rsaenh.dll
0x00007ffcb3820000 - 0x00007ffcb3847000 	C:\WINDOWS\System32\bcrypt.dll
0x00007ffc7aae0000 - 0x00007ffc7bea5000 	C:\WINDOWS\System32\DriverStore\FileRepository\nvblwi.inf_amd64_25ca1e5037bff3ef\nvd3dumx.dll
0x00007ffca1ef0000 - 0x00007ffca1f35000 	C:\Users\vmarch\.jdks\liberica-16.0.1\bin\glass.dll
0x00007ffcb57e0000 - 0x00007ffcb58ba000 	C:\WINDOWS\System32\COMDLG32.dll
0x00007ffcb42d0000 - 0x00007ffcb43fa000 	C:\WINDOWS\System32\ole32.dll
0x00007ffcb3c40000 - 0x00007ffcb3d0d000 	C:\WINDOWS\System32\OLEAUT32.dll
0x00007ffcb3a50000 - 0x00007ffcb3b65000 	C:\WINDOWS\System32\MSCTF.dll
0x00007ffcb2650000 - 0x00007ffcb269b000 	C:\WINDOWS\system32\powrprof.dll
0x00007ffcb24c0000 - 0x00007ffcb24d2000 	C:\WINDOWS\SYSTEM32\UMPDC.dll
0x00007ffcb1950000 - 0x00007ffcb1973000 	C:\WINDOWS\SYSTEM32\gpapi.dll
0x00007ffcaaab0000 - 0x00007ffcaaaeb000 	C:\WINDOWS\SYSTEM32\dxcore.dll
0x00007ffcb3950000 - 0x00007ffcb399e000 	C:\WINDOWS\System32\cfgmgr32.dll
0x00007ffca8f50000 - 0x00007ffca8f59000 	C:\Users\vmarch\.jdks\liberica-16.0.1\bin\management.dll
0x00007ffca8e60000 - 0x00007ffca8e6b000 	C:\Users\vmarch\.jdks\liberica-16.0.1\bin\management_ext.dll
0x00007ffc99740000 - 0x00007ffc99757000 	C:\WINDOWS\system32\napinsp.dll
0x00007ffc99720000 - 0x00007ffc9973b000 	C:\WINDOWS\system32\pnrpnsp.dll
0x00007ffc84ca0000 - 0x00007ffc84cb5000 	C:\WINDOWS\system32\wshbth.dll
0x00007ffcaec30000 - 0x00007ffcaec4d000 	C:\WINDOWS\system32\NLAapi.dll
0x00007ffcb24e0000 - 0x00007ffcb251b000 	C:\WINDOWS\SYSTEM32\IPHLPAPI.DLL
0x00007ffcb2530000 - 0x00007ffcb25fc000 	C:\WINDOWS\SYSTEM32\DNSAPI.dll
0x00007ffcb4180000 - 0x00007ffcb4188000 	C:\WINDOWS\System32\NSI.dll
0x00007ffc99700000 - 0x00007ffc99712000 	C:\WINDOWS\System32\winrnr.dll
0x00007ffcac1f0000 - 0x00007ffcac1fa000 	C:\Windows\System32\rasadhlp.dll
0x00007ffcaa7a0000 - 0x00007ffcaa81f000 	C:\WINDOWS\System32\fwpuclnt.dll
0x00007ffcadbb0000 - 0x00007ffcadbc7000 	C:\WINDOWS\SYSTEM32\dhcpcsvc6.DLL
0x00007ffcad360000 - 0x00007ffcad37d000 	C:\WINDOWS\SYSTEM32\dhcpcsvc.DLL
0x00007ffcb2f70000 - 0x00007ffcb2f9e000 	C:\WINDOWS\SYSTEM32\USERENV.dll

dbghelp: loaded successfully - version: 4.0.5 - missing functions: none
symbol engine: initialized successfully - sym options: 0x614 - pdb path: .;C:\Users\vmarch\.jdks\liberica-16.0.1\bin;C:\WINDOWS\SYSTEM32;C:\WINDOWS\WinSxS\amd64_microsoft.windows.common-controls_6595b64144ccf1df_6.0.19041.1083_none_60bbe31371f34e71;C:\Users\vmarch\.jdks\liberica-16.0.1\bin\server;E:\IntelliJ IDEA Community Edition 2021.1.2\bin;C:\WINDOWS\System32\DriverStore\FileRepository\nvblwi.inf_amd64_25ca1e5037bff3ef;C:\Program Files\Common Files\Microsoft Shared\Ink

VM Arguments:
jvm_args: -javaagent:E:\IntelliJ IDEA Community Edition 2021.1.2\lib\idea_rt.jar=63026:E:\IntelliJ IDEA Community Edition 2021.1.2\bin -Dfile.encoding=UTF-8 
java_command: app.Main
java_class_path (initial): E:\intellijIdeaProjekts\VPlayer\out\production\VPlayer;C:\Users\vmarch\.m2\repository\org\openjfx\javafx-fxml\16\javafx-fxml-16.jar;C:\Users\vmarch\.m2\repository\org\openjfx\javafx-fxml\16\javafx-fxml-16-win.jar;C:\Users\vmarch\.m2\repository\org\openjfx\javafx-controls\16\javafx-controls-16.jar;C:\Users\vmarch\.m2\repository\org\openjfx\javafx-controls\16\javafx-controls-16-win.jar;C:\Users\vmarch\.m2\repository\org\openjfx\javafx-graphics\16\javafx-graphics-16.jar;C:\Users\vmarch\.m2\repository\org\openjfx\javafx-graphics\16\javafx-graphics-16-win.jar;C:\Users\vmarch\.m2\repository\org\openjfx\javafx-base\16\javafx-base-16.jar;C:\Users\vmarch\.m2\repository\org\openjfx\javafx-base\16\javafx-base-16-win.jar;E:\intellijIdeaProjekts\VPlayer\lib\log4j-api-2.12.1.jar;E:\intellijIdeaProjekts\VPlayer\lib\log4j-core-2.12.1.jar;E:\intellijIdeaProjekts\VPlayer\lib\jdom-2.0.6.jar
Launcher Type: SUN_STANDARD

[Global flags]
     intx CICompilerCount                          = 4                                         {product} {ergonomic}
     uint ConcGCThreads                            = 2                                         {product} {ergonomic}
     uint G1ConcRefinementThreads                  = 8                                         {product} {ergonomic}
   size_t G1HeapRegionSize                         = 4194304                                   {product} {ergonomic}
    uintx GCDrainStackTargetSize                   = 64                                        {product} {ergonomic}
   size_t InitialHeapSize                          = 536870912                                 {product} {ergonomic}
   size_t MarkStackSize                            = 4194304                                   {product} {ergonomic}
   size_t MaxHeapSize                              = 8573157376                                {product} {ergonomic}
   size_t MaxNewSize                               = 5142216704                                {product} {ergonomic}
   size_t MinHeapDeltaBytes                        = 4194304                                   {product} {ergonomic}
   size_t MinHeapSize                              = 8388608                                   {product} {ergonomic}
    uintx NonNMethodCodeHeapSize                   = 5839372                                {pd product} {ergonomic}
    uintx NonProfiledCodeHeapSize                  = 122909434                              {pd product} {ergonomic}
    uintx ProfiledCodeHeapSize                     = 122909434                              {pd product} {ergonomic}
    uintx ReservedCodeCacheSize                    = 251658240                              {pd product} {ergonomic}
     bool SegmentedCodeCache                       = true                                      {product} {ergonomic}
   size_t SoftMaxHeapSize                          = 8573157376                             {manageable} {ergonomic}
     bool UseCompressedClassPointers               = true                           {product lp64_product} {ergonomic}
     bool UseCompressedOops                        = true                           {product lp64_product} {ergonomic}
     bool UseG1GC                                  = true                                      {product} {ergonomic}
     bool UseLargePagesIndividualAllocation        = false                                  {pd product} {ergonomic}

Logging:
Log output configuration:
 #0: stdout all=warning uptime,level,tags
 #1: stderr all=off uptime,level,tags

Environment Variables:
JAVA_HOME=C:\Program Files\Java\LibericaJDK-16-Full
PATH=C:\Program Files\Java\LibericaJDK-16-Full\bin\;C:\Program Files (x86)\Intel\iCLS Client\;C:\Program Files\Intel\iCLS Client\;C:\WINDOWS\system32;C:\WINDOWS;C:\WINDOWS\System32\Wbem;C:\WINDOWS\System32\WindowsPowerShell\v1.0\;C:\Program Files\Java\jdk-12.0.1\bin;C:\Program Files\Intel\Intel(R) Management Engine Components\DAL;C:\Program Files\Intel\Intel(R) Management Engine Components\IPT;C:\Program Files (x86)\Intel\Intel(R) Management Engine Components\DAL;C:\Program Files (x86)\Intel\Intel(R) Management Engine Components\IPT;D:\Git\cmd;C:\Program Files\Java\openjfx-16_windows-x64_bin-sdk\javafx-sdk-16;C:\Users\vmarch\AppData\Local\Microsoft\WindowsApps;E:\IntelliJ IDEA Community Edition 2021.1.2\bin;;D:\Git\cmd;D:\Git\bin;D:\intellijidea\IntelliJ IDEA Community Edition 2019.1.3\bin;D:\Android\Sdk;
USERNAME=vmarch
OS=Windows_NT
PROCESSOR_IDENTIFIER=Intel64 Family 6 Model 58 Stepping 9, GenuineIntel



---------------  S Y S T E M  ---------------

OS:
 Windows 10 , 64 bit Build 19041 (10.0.19041.1023)
OS uptime: 0 days 16:13 hours

CPU: total 8 (initial active 8) (4 cores per cpu, 2 threads per core) family 6 model 58 stepping 9 microcode 0x21, cx8, cmov, fxsr, ht, mmx, sse, sse2, sse3, ssse3, sse4.1, sse4.2, popcnt, tsc, tscinvbit, avx, aes, erms, clmul, vzeroupper, clflush

Memory: 4k page, system-wide physical 32699M (27275M free)
TotalPageFile size 39699M (AvailPageFile size 32394M)
current process WorkingSet (physical memory assigned to process): 204M, peak: 204M
current process commit charge ("private bytes"): 726M, peak: 726M

vm_info: OpenJDK 64-Bit Server VM (16.0.1+9) for windows-amd64 JRE (16.0.1+9), built on Apr 20 2021 16:12:14 by "" with MS VC++ 15.9 (VS2017)

END.
